2025-02-15 11:12:03,999 [INFO] Activator:176 - 


2025-02-15 11:12:04,021 [INFO] Activator:177 - !SESSION log4j initialized
2025-02-15 11:12:22,395 [INFO] LogOutputStream:77 - [STDOUT_REDIRECT] 
2025-02-15 11:12:33,899 [INFO] ApplicationProperties:184 - Using Application install path: D:\STM32CubeIDE_1.16.1\STM32CubeIDE\plugins\com.st.stm32cube.common.mx_6.13.0.202411220809
2025-02-15 11:12:33,964 [INFO] DbMcusXml:78 - Set database path to: D:\STM32CubeIDE_1.16.1\STM32CubeIDE\plugins\com.st.stm32cube.common.mx_6.13.0.202411220809\\db\/mcu/
2025-02-15 11:12:33,964 [INFO] ApiDb:274 - Set plugin database path to: D:\STM32CubeIDE_1.16.1\STM32CubeIDE\plugins\com.st.stm32cube.common.mx_6.13.0.202411220809\\db\/plugins/boardmanager/
2025-02-15 11:12:33,965 [WARN] ApiDb:259 - Overriding images path with different value:  => D:\STM32CubeIDE_1.16.1\STM32CubeIDE\plugins\com.st.stm32cube.common.mx_6.13.0.202411220809\\db\/plugins/mcufinder/images/
2025-02-15 11:12:34,060 [INFO] ApiDb:250 - Set database path to: C:\Users\solom\.stmcufinder\plugins\mcufinder//mcu/
2025-02-15 11:12:34,062 [INFO] DbMcusAds:125 - Set database path to: C:\Users\solom\.stmcufinder\plugins\mcufinder//mcu/
2025-02-15 11:12:34,071 [INFO] CrossReferenceDbSqlite:203 - Set database path to: C:\Users\solom\.stmcufinder\plugins\mcufinder//mcu/cs/
2025-02-15 11:12:34,375 [INFO] RulesReader:64 - Compatibility file has been processed (297 Rules)
2025-02-15 11:12:34,626 [INFO] DbMcusXml:78 - Set database path to: D:\STM32CubeIDE_1.16.1\STM32CubeIDE\plugins\com.st.stm32cube.common.mx_6.13.0.202411220809\\db\/mcu/
2025-02-15 11:12:34,627 [INFO] ApiDb:274 - Set plugin database path to: D:\STM32CubeIDE_1.16.1\STM32CubeIDE\plugins\com.st.stm32cube.common.mx_6.13.0.202411220809\\db\/plugins/boardmanager/
2025-02-15 11:12:34,627 [INFO] ApiDb:261 - Set plugin images path to: D:\STM32CubeIDE_1.16.1\STM32CubeIDE\plugins\com.st.stm32cube.common.mx_6.13.0.202411220809\\db\/plugins/mcufinder/images/
2025-02-15 11:12:34,627 [WARN] DbFile:41 - Overriding database path with different value: C:\Users\solom\.stmcufinder\plugins\mcufinder/ => C:\Users\solom\.stmcufinder\plugins\mcufinder
2025-02-15 11:12:34,627 [INFO] ApiDb:250 - Set database path to: C:\Users\solom\.stmcufinder\plugins\mcufinder//mcu/
2025-02-15 11:12:34,627 [WARN] DbFile:41 - Overriding database path with different value: C:\Users\solom\.stmcufinder\plugins\mcufinder/ => C:\Users\solom\.stmcufinder\plugins\mcufinder
2025-02-15 11:12:34,628 [INFO] DbMcusAds:125 - Set database path to: C:\Users\solom\.stmcufinder\plugins\mcufinder//mcu/
2025-02-15 11:12:34,628 [WARN] DbFile:41 - Overriding database path with different value: C:\Users\solom\.stmcufinder\plugins\mcufinder/ => C:\Users\solom\.stmcufinder\plugins\mcufinder
2025-02-15 11:12:34,628 [WARN] DbFile:41 - Overriding database path with different value: C:\Users\solom\.stmcufinder\plugins\mcufinder/ => C:\Users\solom\.stmcufinder\plugins\mcufinder
2025-02-15 11:12:34,628 [INFO] CrossReferenceDbSqlite:203 - Set database path to: C:\Users\solom\.stmcufinder\plugins\mcufinder//mcu/cs/
2025-02-15 11:12:34,903 [INFO] MainPanel:272 - HeapMemory: 268435456
2025-02-15 11:12:35,228 [INFO] DbMcusXml:78 - Set database path to: D:\STM32CubeIDE_1.16.1\STM32CubeIDE\plugins\com.st.stm32cube.common.mx_6.13.0.202411220809\\db\/mcu/
2025-02-15 11:12:35,228 [INFO] ApiDb:274 - Set plugin database path to: D:\STM32CubeIDE_1.16.1\STM32CubeIDE\plugins\com.st.stm32cube.common.mx_6.13.0.202411220809\\db\/plugins/boardmanager/
2025-02-15 11:12:35,228 [INFO] ApiDb:261 - Set plugin images path to: D:\STM32CubeIDE_1.16.1\STM32CubeIDE\plugins\com.st.stm32cube.common.mx_6.13.0.202411220809\\db\/plugins/mcufinder/images/
2025-02-15 11:12:35,229 [WARN] DbFile:41 - Overriding database path with different value: C:\Users\solom\.stmcufinder\plugins\mcufinder/ => C:\Users\solom\.stmcufinder\plugins\mcufinder
2025-02-15 11:12:35,229 [INFO] ApiDb:250 - Set database path to: C:\Users\solom\.stmcufinder\plugins\mcufinder//mcu/
2025-02-15 11:12:35,229 [WARN] DbFile:41 - Overriding database path with different value: C:\Users\solom\.stmcufinder\plugins\mcufinder/ => C:\Users\solom\.stmcufinder\plugins\mcufinder
2025-02-15 11:12:35,229 [INFO] DbMcusAds:125 - Set database path to: C:\Users\solom\.stmcufinder\plugins\mcufinder//mcu/
2025-02-15 11:12:35,229 [WARN] DbFile:41 - Overriding database path with different value: C:\Users\solom\.stmcufinder\plugins\mcufinder/ => C:\Users\solom\.stmcufinder\plugins\mcufinder
2025-02-15 11:12:35,229 [WARN] DbFile:41 - Overriding database path with different value: C:\Users\solom\.stmcufinder\plugins\mcufinder/ => C:\Users\solom\.stmcufinder\plugins\mcufinder
2025-02-15 11:12:35,229 [INFO] CrossReferenceDbSqlite:203 - Set database path to: C:\Users\solom\.stmcufinder\plugins\mcufinder//mcu/cs/
2025-02-15 11:12:35,285 [INFO] ApplicationProperties:184 - Using Application install path: D:\STM32CubeIDE_1.16.1\STM32CubeIDE\plugins\com.st.stm32cube.common.mx_6.13.0.202411220809
2025-02-15 11:12:35,286 [INFO] PluginManage:196 - Search for loadable plugins [exclusion list=, ]
2025-02-15 11:12:35,295 [INFO] PluginManage:310 - Check plugin analytics
2025-02-15 11:12:44,769 [INFO] AnalyticsPlugin:253 - Accepted Software Licenses: 
2025-02-15 11:12:44,770 [INFO] AnalyticsPlugin:255 - Accepted CMSIS Pack Licenses: 
2025-02-15 11:12:44,770 [INFO] AnalyticsPlugin:257 - Accepted Firmware Licenses: FW.F4.1.27.0,FW.C0.1.2.0,FW.F7.1.17.0
2025-02-15 11:12:44,771 [INFO] PluginManage:359 - Loaded plugin analytics (category:tool,tabindex:-1)
2025-02-15 11:12:44,772 [INFO] PluginManage:310 - Check plugin cadmodel
2025-02-15 11:12:44,824 [INFO] CADModel:105 - Init CAD model plugin
2025-02-15 11:12:44,824 [INFO] PluginManage:359 - Loaded plugin cadmodel (category:power,tabindex:5)
2025-02-15 11:12:44,824 [INFO] PluginManage:310 - Check plugin clock
2025-02-15 11:12:44,905 [INFO] PluginManage:359 - Loaded plugin clock (category:base,tabindex:2)
2025-02-15 11:12:44,906 [INFO] PluginManage:310 - Check plugin ddr
2025-02-15 11:12:44,932 [INFO] PluginManage:359 - Loaded plugin ddr (category:tool,tabindex:6)
2025-02-15 11:12:44,932 [INFO] PluginManage:310 - Check plugin filemanager
2025-02-15 11:12:45,431 [INFO] PluginManage:359 - Loaded plugin filemanager (category:base,tabindex:10)
2025-02-15 11:12:45,431 [INFO] PluginManage:310 - Check plugin ipmanager
2025-02-15 11:12:45,468 [INFO] PluginManage:359 - Loaded plugin ipmanager (category:base,tabindex:5)
2025-02-15 11:12:45,468 [INFO] PluginManage:310 - Check plugin lpbam
2025-02-15 11:12:45,550 [INFO] PluginManage:359 - Loaded plugin lpbam (category:base,tabindex:0)
2025-02-15 11:12:45,551 [INFO] PluginManage:310 - Check plugin memorymap
2025-02-15 11:12:45,623 [INFO] PluginManage:359 - Loaded plugin memorymap (category:base,tabindex:4)
2025-02-15 11:12:45,624 [INFO] PluginManage:310 - Check plugin pinoutandconfiguration
2025-02-15 11:12:45,694 [INFO] PluginManage:359 - Loaded plugin pinoutandconfiguration (category:base,tabindex:1)
2025-02-15 11:12:45,694 [INFO] PluginManage:310 - Check plugin pinoutconfig
2025-02-15 11:12:45,958 [WARN] SupportedApi:132 - Cannot load RTOS API schema: s4s-elt-must-match.1: The content of 'definitions' must match (annotation?, (simpleType | complexType)?, (unique | key | keyref)*)). A problem was found starting at: attribute.
2025-02-15 11:12:46,235 [INFO] PluginManage:359 - Loaded plugin pinoutconfig (category:base,tabindex:0)
2025-02-15 11:12:46,235 [INFO] PluginManage:310 - Check plugin power
2025-02-15 11:12:46,303 [INFO] PluginManage:359 - Loaded plugin power (category:power,tabindex:4)
2025-02-15 11:12:46,303 [INFO] PluginManage:310 - Check plugin projectmanager
2025-02-15 11:12:46,344 [INFO] PluginManage:359 - Loaded plugin projectmanager (category:projectmanager,tabindex:4)
2025-02-15 11:12:46,344 [INFO] PluginManage:310 - Check plugin rif
2025-02-15 11:12:46,400 [INFO] PluginManage:359 - Loaded plugin rif (category:base,tabindex:3)
2025-02-15 11:12:46,400 [INFO] PluginManage:310 - Check plugin thirdparty
2025-02-15 11:12:47,113 [INFO] PluginManage:359 - Loaded plugin thirdparty (category:base,tabindex:-1)
2025-02-15 11:12:47,114 [INFO] PluginManage:310 - Check plugin tools
2025-02-15 11:12:47,113 [WARN] IntegrityCheckThread:84 - waiting for thirdparty lock release [integrity check]
2025-02-15 11:12:47,114 [INFO] IntegrityCheckThread:86 - entering critical section [integrity check]
2025-02-15 11:12:47,115 [INFO] ThirdPartyUpdaterWithRetryManager:70 - Updater plugin not ready yet. [1/15]
2025-02-15 11:12:47,194 [INFO] PluginManage:359 - Loaded plugin tools (category:base,tabindex:7)
2025-02-15 11:12:47,195 [INFO] PluginManage:310 - Check plugin tutovideos
2025-02-15 11:12:47,635 [INFO] PluginManage:359 - Loaded plugin tutovideos (category:base,tabindex:-1)
2025-02-15 11:12:47,635 [INFO] PluginManage:310 - Check plugin updater
2025-02-15 11:12:47,687 [INFO] PluginManage:359 - Loaded plugin updater (category:base,tabindex:12)
2025-02-15 11:12:47,687 [INFO] PluginManage:310 - Check plugin userauth
2025-02-15 11:12:47,713 [INFO] UserAuth:118 - Init User Auth plugin
2025-02-15 11:12:47,715 [INFO] PluginManage:359 - Loaded plugin userauth (category:base,tabindex:14)
2025-02-15 11:12:47,716 [INFO] PluginManage:283 - PluginManage : Loaded plugins [18]
2025-02-15 11:12:48,488 [INFO] PinOutPanel:1589 - setPackage(No Configuration,No Configuration)
2025-02-15 11:12:48,902 [INFO] CADModel:165 - CPN selected for project level
2025-02-15 11:12:48,902 [INFO] CADModel:114 - Register for checkConnection events
2025-02-15 11:12:48,978 [INFO] IPUIPlugin:80 - create IPUIPlugin
2025-02-15 11:12:48,978 [INFO] PluginManager:220 - loadIPPluginJar : add adc
2025-02-15 11:12:49,064 [INFO] IPUIPlugin:80 - create IPUIPlugin
2025-02-15 11:12:49,065 [INFO] PluginManager:220 - loadIPPluginJar : add aes
2025-02-15 11:12:49,153 [INFO] IPUIPlugin:80 - create IPUIPlugin
2025-02-15 11:12:49,153 [INFO] PluginManager:220 - loadIPPluginJar : add can
2025-02-15 11:12:49,215 [INFO] IPUIPlugin:80 - create IPUIPlugin
2025-02-15 11:12:49,216 [INFO] PluginManager:220 - loadIPPluginJar : add comp
2025-02-15 11:12:49,291 [INFO] IPUIPlugin:80 - create IPUIPlugin
2025-02-15 11:12:49,292 [INFO] PluginManager:220 - loadIPPluginJar : add cryp
2025-02-15 11:12:49,335 [INFO] IPUIPlugin:80 - create IPUIPlugin
2025-02-15 11:12:49,336 [INFO] PluginManager:220 - loadIPPluginJar : add ddr_ctrl_phy
2025-02-15 11:12:49,397 [INFO] IPUIPlugin:80 - create IPUIPlugin
2025-02-15 11:12:49,397 [INFO] PluginManager:220 - loadIPPluginJar : add dfsdm
2025-02-15 11:12:49,427 [INFO] IPUIPlugin:80 - create IPUIPlugin
2025-02-15 11:12:49,428 [INFO] PluginManager:220 - loadIPPluginJar : add dma
2025-02-15 11:12:49,508 [INFO] IPUIPlugin:80 - create IPUIPlugin
2025-02-15 11:12:49,509 [INFO] PluginManager:220 - loadIPPluginJar : add dma3
2025-02-15 11:12:49,589 [INFO] IPUIPlugin:80 - create IPUIPlugin
2025-02-15 11:12:49,589 [INFO] PluginManager:220 - loadIPPluginJar : add extmemmanager
2025-02-15 11:12:49,630 [INFO] IPUIPlugin:80 - create IPUIPlugin
2025-02-15 11:12:49,630 [INFO] PluginManager:220 - loadIPPluginJar : add fatfs
2025-02-15 11:12:49,751 [INFO] IPUIPlugin:80 - create IPUIPlugin
2025-02-15 11:12:49,751 [INFO] PluginManager:220 - loadIPPluginJar : add fmc
2025-02-15 11:12:49,786 [INFO] IPUIPlugin:80 - create IPUIPlugin
2025-02-15 11:12:49,786 [INFO] PluginManager:220 - loadIPPluginJar : add freertos
2025-02-15 11:12:49,831 [INFO] IPUIPlugin:80 - create IPUIPlugin
2025-02-15 11:12:49,831 [INFO] PluginManager:220 - loadIPPluginJar : add genericplugin
2025-02-15 11:12:49,980 [INFO] IPUIPlugin:80 - create IPUIPlugin
2025-02-15 11:12:49,980 [INFO] PluginManager:220 - loadIPPluginJar : add gfxmmu
2025-02-15 11:12:50,117 [INFO] ThirdPartyUpdaterWithRetryManager:70 - Updater plugin not ready yet. [2/15]
2025-02-15 11:12:50,189 [INFO] IPUIPlugin:80 - create IPUIPlugin
2025-02-15 11:12:50,189 [INFO] PluginManager:220 - loadIPPluginJar : add gic
2025-02-15 11:12:50,224 [INFO] IPUIPlugin:80 - create IPUIPlugin
2025-02-15 11:12:50,224 [INFO] PluginManager:220 - loadIPPluginJar : add gpio
2025-02-15 11:12:50,368 [INFO] IPUIPlugin:80 - create IPUIPlugin
2025-02-15 11:12:50,368 [INFO] PluginManager:220 - loadIPPluginJar : add gtzc
2025-02-15 11:12:50,412 [INFO] IPUIPlugin:80 - create IPUIPlugin
2025-02-15 11:12:50,412 [INFO] PluginManager:220 - loadIPPluginJar : add hash
2025-02-15 11:12:50,497 [INFO] IPUIPlugin:80 - create IPUIPlugin
2025-02-15 11:12:50,498 [INFO] PluginManager:220 - loadIPPluginJar : add i2c
2025-02-15 11:12:50,554 [INFO] IPUIPlugin:80 - create IPUIPlugin
2025-02-15 11:12:50,554 [INFO] PluginManager:220 - loadIPPluginJar : add i2s
2025-02-15 11:12:50,626 [INFO] IPUIPlugin:80 - create IPUIPlugin
2025-02-15 11:12:50,626 [INFO] PluginManager:220 - loadIPPluginJar : add i3c
2025-02-15 11:12:50,772 [INFO] IPUIPlugin:80 - create IPUIPlugin
2025-02-15 11:12:50,773 [INFO] PluginManager:220 - loadIPPluginJar : add ipddr
2025-02-15 11:12:50,950 [INFO] IPUIPlugin:80 - create IPUIPlugin
2025-02-15 11:12:50,950 [INFO] PluginManager:220 - loadIPPluginJar : add linkedlist
2025-02-15 11:12:51,000 [INFO] IPUIPlugin:80 - create IPUIPlugin
2025-02-15 11:12:51,000 [INFO] PluginManager:220 - loadIPPluginJar : add lorawan
2025-02-15 11:12:51,070 [INFO] IPUIPlugin:80 - create IPUIPlugin
2025-02-15 11:12:51,071 [INFO] PluginManager:220 - loadIPPluginJar : add ltdc
2025-02-15 11:12:51,107 [INFO] IPUIPlugin:80 - create IPUIPlugin
2025-02-15 11:12:51,107 [INFO] PluginManager:220 - loadIPPluginJar : add mdma
2025-02-15 11:12:51,135 [INFO] IPUIPlugin:80 - create IPUIPlugin
2025-02-15 11:12:51,135 [INFO] PluginManager:220 - loadIPPluginJar : add nvic
2025-02-15 11:12:51,201 [INFO] IPUIPlugin:80 - create IPUIPlugin
2025-02-15 11:12:51,201 [INFO] PluginManager:220 - loadIPPluginJar : add opamp
2025-02-15 11:12:51,288 [INFO] IPUIPlugin:80 - create IPUIPlugin
2025-02-15 11:12:51,288 [INFO] PluginManager:220 - loadIPPluginJar : add openamp
2025-02-15 11:12:51,355 [INFO] IPUIPlugin:80 - create IPUIPlugin
2025-02-15 11:12:51,355 [INFO] PluginManager:220 - loadIPPluginJar : add pdm2pcm
2025-02-15 11:12:51,384 [INFO] IPUIPlugin:80 - create IPUIPlugin
2025-02-15 11:12:51,386 [INFO] PluginManager:220 - loadIPPluginJar : add plateformsettings
2025-02-15 11:12:51,434 [INFO] IPUIPlugin:80 - create IPUIPlugin
2025-02-15 11:12:51,434 [INFO] PluginManager:220 - loadIPPluginJar : add quadspi
2025-02-15 11:12:51,485 [INFO] IPUIPlugin:80 - create IPUIPlugin
2025-02-15 11:12:51,485 [INFO] PluginManager:220 - loadIPPluginJar : add radio
2025-02-15 11:12:51,516 [INFO] IPUIPlugin:80 - create IPUIPlugin
2025-02-15 11:12:51,516 [INFO] PluginManager:220 - loadIPPluginJar : add resmgrutility
2025-02-15 11:12:51,616 [INFO] IPUIPlugin:80 - create IPUIPlugin
2025-02-15 11:12:51,616 [INFO] PluginManager:220 - loadIPPluginJar : add sai
2025-02-15 11:12:51,681 [INFO] IPUIPlugin:80 - create IPUIPlugin
2025-02-15 11:12:51,681 [INFO] PluginManager:220 - loadIPPluginJar : add spi
2025-02-15 11:12:51,793 [INFO] IPUIPlugin:80 - create IPUIPlugin
2025-02-15 11:12:51,793 [INFO] PluginManager:220 - loadIPPluginJar : add stm32_wpan
2025-02-15 11:12:51,839 [INFO] IPUIPlugin:80 - create IPUIPlugin
2025-02-15 11:12:51,839 [INFO] PluginManager:220 - loadIPPluginJar : add tim
2025-02-15 11:12:51,941 [INFO] IPUIPlugin:80 - create IPUIPlugin
2025-02-15 11:12:51,941 [INFO] PluginManager:220 - loadIPPluginJar : add touchsensing
2025-02-15 11:12:51,978 [INFO] IPUIPlugin:80 - create IPUIPlugin
2025-02-15 11:12:51,978 [INFO] PluginManager:220 - loadIPPluginJar : add tracer_emb
2025-02-15 11:12:52,015 [INFO] IPUIPlugin:80 - create IPUIPlugin
2025-02-15 11:12:52,015 [INFO] PluginManager:220 - loadIPPluginJar : add ts
2025-02-15 11:12:52,068 [INFO] IPUIPlugin:80 - create IPUIPlugin
2025-02-15 11:12:52,068 [INFO] PluginManager:220 - loadIPPluginJar : add tsc
2025-02-15 11:12:52,111 [INFO] IPUIPlugin:80 - create IPUIPlugin
2025-02-15 11:12:52,112 [INFO] PluginManager:220 - loadIPPluginJar : add ucpd
2025-02-15 11:12:52,190 [INFO] IPUIPlugin:80 - create IPUIPlugin
2025-02-15 11:12:52,190 [INFO] PluginManager:220 - loadIPPluginJar : add usart
2025-02-15 11:12:52,263 [INFO] IPUIPlugin:80 - create IPUIPlugin
2025-02-15 11:12:52,264 [INFO] PluginManager:220 - loadIPPluginJar : add usbx
2025-02-15 11:12:52,706 [FATAL] Updater:351 - Updater called before beeing initialized
2025-02-15 11:12:52,752 [INFO] RulesReader:64 - Compatibility file has been processed (297 Rules)
2025-02-15 11:12:52,770 [INFO] RulesReader:64 - Compatibility file has been processed (297 Rules)
2025-02-15 11:12:52,789 [INFO] CADModel:165 - CPN selected for project level
2025-02-15 11:12:52,789 [INFO] CADModel:114 - Register for checkConnection events
2025-02-15 11:12:52,789 [FATAL] Updater:351 - Updater called before beeing initialized
2025-02-15 11:12:52,790 [ERROR] CADModel:125 - Updater not yet initialized, retry later 
2025-02-15 11:12:53,121 [INFO] ThirdPartyUpdaterWithRetryManager:70 - Updater plugin not ready yet. [3/15]
2025-02-15 11:12:53,168 [FATAL] Updater:351 - Updater called before beeing initialized
2025-02-15 11:12:53,189 [INFO] CADModel:165 - CPN selected for project level
2025-02-15 11:12:53,189 [INFO] CADModel:114 - Register for checkConnection events
2025-02-15 11:12:53,189 [FATAL] Updater:351 - Updater called before beeing initialized
2025-02-15 11:12:53,189 [ERROR] CADModel:125 - Updater not yet initialized, retry later 
2025-02-15 11:12:53,193 [FATAL] Updater:351 - Updater called before beeing initialized
2025-02-15 11:12:53,682 [FATAL] Updater:351 - Updater called before beeing initialized
2025-02-15 11:12:53,706 [INFO] DbMcusAds:53 - JSON generation date=Tue Dec 17 17:01:15 CET 2024 (1734451275111)
2025-02-15 11:12:53,706 [FATAL] Updater:351 - Updater called before beeing initialized
2025-02-15 11:12:53,898 [WARN] DetailPanel:346 - Failed to get advertising image, set to default
2025-02-15 11:12:54,235 [FATAL] Updater:351 - Updater called before beeing initialized
2025-02-15 11:12:54,245 [FATAL] Updater:351 - Updater called before beeing initialized
2025-02-15 11:12:54,245 [FATAL] Updater:351 - Updater called before beeing initialized
2025-02-15 11:12:54,245 [WARN] DetailPanel:346 - Failed to get advertising image, set to default
2025-02-15 11:12:54,246 [FATAL] Updater:351 - Updater called before beeing initialized
2025-02-15 11:12:54,434 [ERROR] Updater:1198 - MainUpdater not yet initialized. External WinMGr cannot be set.
2025-02-15 11:12:54,452 [INFO] Updater:1134 - Updater Version found : 6.13.0
2025-02-15 11:12:54,498 [INFO] ApplicationProperties:184 - Using Application install path: D:\STM32CubeIDE_1.16.1\STM32CubeIDE\plugins\com.st.stm32cube.common.mx_6.13.0.202411220809
2025-02-15 11:12:56,099 [ERROR] LogOutputStream:75 - [STDERR_REDIRECT] Feb 15, 2025 11:12:56 AM java.util.prefs.WindowsPreferences <init>
2025-02-15 11:12:56,101 [ERROR] LogOutputStream:75 - [STDERR_REDIRECT] WARNING: Could not open/create prefs root node Software\JavaSoft\Prefs at root 0xffffffff80000002. Windows RegCreateKeyEx(...) returned error code 5.
2025-02-15 11:12:56,101 [ERROR] LogOutputStream:75 - [STDERR_REDIRECT] 
2025-02-15 11:12:56,123 [FATAL] Updater:351 - Updater called before beeing initialized
2025-02-15 11:12:56,123 [ERROR] IntegrityCheckThread:130 - Cannot retrieve database content from updater: error 21
2025-02-15 11:12:56,124 [INFO] ThirdParty:978 - Integrity check success = false
2025-02-15 11:12:56,124 [INFO] IntegrityCheckThread:100 - exiting critical section [integrity check]
2025-02-15 11:12:56,124 [INFO] IntegrityCheckThread:103 - End integrity checks thread
2025-02-15 11:12:57,119 [INFO] MainUpdater:2872 - connection check result : 10
2025-02-15 11:12:57,120 [INFO] MainUpdater:289 - Updater Check For Update Now.
2025-02-15 11:12:57,120 [INFO] MicroXplorer:498 - Change Database Version : DB.6.0.130
2025-02-15 11:12:57,174 [INFO] McuFinderGlobals:63 - Set McuFinder mode to 2 (CubeIDE integrated)
2025-02-15 11:12:57,174 [INFO] UserAuth:171 - activating auth plugin
2025-02-15 11:12:57,189 [INFO] UserAuth:486 - Internet connection configuration mode: 1
2025-02-15 11:12:57,337 [INFO] JxBrowserEngine:152 - Initiate JxBrowser Engine with user profile folder
2025-02-15 11:12:57,429 [INFO] CheckServerUpdateThread:120 - End of CheckServer Thread
2025-02-15 11:12:59,837 [INFO] WebApp:168 - Instantiating new browser for Auth
2025-02-15 11:13:01,020 [INFO] WebApp:449 - Apply proxy settings
2025-02-15 11:13:01,021 [INFO] WebApp:534 - Chromium requires no authentication
2025-02-15 11:13:01,035 [INFO] WebApp:477 - Direct internet connection detected
2025-02-15 11:13:01,078 [INFO] WebApp:880 - Register for checkConnection events
2025-02-15 11:13:01,079 [INFO] WebApp:449 - Apply proxy settings
2025-02-15 11:13:01,079 [INFO] WebApp:534 - Chromium requires no authentication
2025-02-15 11:13:01,079 [INFO] WebApp:477 - Direct internet connection detected
2025-02-15 11:13:01,383 [INFO] WebApp:221 - Starting web application
2025-02-15 11:13:01,384 [INFO] WebApp:579 - Web application path used D:\STM32CubeIDE_1.16.1\STM32CubeIDE\plugins\com.st.stm32cube.common.mx_6.13.0.202411220809\db\plugins\mcufinder\reactClient1\index.html
2025-02-15 11:13:02,038 [INFO] WebApp:187 - Connection restablished
